Build started 21/12/2018 1:10:37 SA.
     1>Project "D:\D\github\filterdriver\FsFilter\FsFilter Package\FsFilter Package.vcxproj" on node 2 (Build target(s)).
     1>Inf2Cat:
         C:\Program Files (x86)\Windows Kits\8.1\bin\x86\inf2cat.exe /os:7_x86 /driver:"D:\D\github\filterdriver\FsFilter\Win7Release\FsFilter Package\\" 
         ........................
         Signability test failed.
         
         Errors:
         22.9.7: DriverVer set to incorrect date (postdated DriverVer not allowed) in \fsfilter.inf.  The current date (UTC) is 12/20/2018.
         Try using /USELOCALTIME when DriverVer is postdated
         
         Warnings:
         None
     1>Win7Release\inf2catOutput.log : Inf2Cat error -2: "Inf2Cat, signability test failed." Double click to see the tool output.
     1>Done Building Project "D:\D\github\filterdriver\FsFilter\FsFilter Package\FsFilter Package.vcxproj" (Build target(s)) -- FAILED.

Build FAILED.

Time Elapsed 00:00:00.48
